15:29:47:234 [ALWAYS]	GUDE Logging Started
15:29:47:235 [INFO]	SqliteResumeCache::SqliteResumeCache basedirectory is null/empty
15:29:47:235 [ERROR]	SqliteResumeCache::CreateSqliteResumeCache creating resume cache pointer failure
15:29:47:235 [ERROR]	Initialize resume cache pointer failure
15:29:47:236 [INFO]	gude policy POLICY_USER limit (2,2,1) chunk 2097152, chunking (UL 0 DL 1), resXfer 1, adapt 0, NSURL 0, timeout 86400 
15:29:47:237 [INFO]	Initialized -- gude-lib version: v0.12.1 app: gude
15:29:49:665 [WARN]	Ignoring attempt to reinit logging to \gude at level 4 retaining 3 days of logs
15:29:49:665 [INFO]	SqliteResumeCache::SqliteResumeCache basedirectory is null/empty
15:29:49:665 [ERROR]	SqliteResumeCache::CreateSqliteResumeCache creating resume cache pointer failure
15:29:49:665 [ERROR]	Initialize resume cache pointer failure
15:29:49:665 [INFO]	gude policy POLICY_USER limit (4,4,1) chunk 2097152, chunking (UL 0 DL 1), resXfer 1, adapt 0, NSURL 1, timeout 86400 
15:29:49:665 [INFO]	Initialized -- gude-lib version: v0.12.1 app: gude
17:29:10:773 [ALWAYS]	GUDE Logging Started
17:29:10:774 [INFO]	SqliteResumeCache::SqliteResumeCache basedirectory is null/empty
17:29:10:774 [ERROR]	SqliteResumeCache::CreateSqliteResumeCache creating resume cache pointer failure
17:29:10:774 [ERROR]	Initialize resume cache pointer failure
17:29:10:774 [INFO]	gude policy POLICY_USER limit (2,2,1) chunk 2097152, chunking (UL 0 DL 1), resXfer 1, adapt 0, NSURL 0, timeout 86400 
17:29:10:774 [INFO]	Initialized -- gude-lib version: v0.12.1 app: gude
17:29:13:035 [WARN]	Ignoring attempt to reinit logging to \gude at level 4 retaining 3 days of logs
17:29:13:035 [INFO]	SqliteResumeCache::SqliteResumeCache basedirectory is null/empty
17:29:13:035 [ERROR]	SqliteResumeCache::CreateSqliteResumeCache creating resume cache pointer failure
17:29:13:035 [ERROR]	Initialize resume cache pointer failure
17:29:13:035 [INFO]	gude policy POLICY_USER limit (4,4,1) chunk 2097152, chunking (UL 0 DL 1), resXfer 1, adapt 0, NSURL 1, timeout 86400 
17:29:13:035 [INFO]	Initialized -- gude-lib version: v0.12.1 app: gude
